#0 building with "default" instance using docker driver

#1 [internal] load build definition from Dockerfile
#1 transferring dockerfile: 721B done
#1 DONE 0.0s

#2 [internal] load metadata for docker.io/library/nginx:1.27-alpine
#2 DONE 0.0s

#3 [internal] load .dockerignore
#3 transferring context: 2B done
#3 DONE 0.0s

#4 [1/2] FROM docker.io/library/nginx:1.27-alpine
#4 DONE 0.0s

#5 [internal] load build context
#5 transferring context: 34B done
#5 DONE 0.0s

#6 [2/2] COPY default.conf /etc/nginx/conf.d/default.conf
#6 CACHED

#7 exporting to image
#7 exporting layers done
#7 writing image sha256:da1c0deb1e9f752be1249454e4afb139b415cb8ceebf764d6bc5bfcdc0427337 done
#7 naming to docker.io/library/floci-frontend-nginx:r4 done
#7 DONE 0.0s
